============================================================
  Generated by:           Genus(TM) Synthesis Solution 21.14-s082_1
  Generated on:           Jul 03 2026  11:10:41 am
  Module:                 tanh
  Operating conditions:   slow (balanced_tree)
  Wireload mode:          enclosed
  Area mode:              timing library
============================================================

Timing
--------

Clock Period 
-------------
clk   4000.0 


  Cost    Critical        No of gates on  Violating 
 Group   Path Slack  TNS   Critical Path    Paths   
----------------------------------------------------
clk             2.4   0.0             18          0 
default    No paths   0.0                           
----------------------------------------------------
Total                 0.0                         0 

Instance Count
--------------
Leaf Instance Count             1180 
Physical Instance count            0 
Sequential Instance Count        147 
Combinational Instance Count    1033 
Hierarchical Instance Count       22 

Area
----
Cell Area                          8200.255
Physical Cell Area                 0.000
Total Cell Area (Cell+Physical)    8200.255
Net Area                           0.000
Total Area (Cell+Physical+Net)     8200.255

Power
-----
Leakage Power                      40277.521 nW
Dynamic Power                      438806.891 nW
Total Power                        479084.412 nW

Max Fanout                         148 (clk)
Min Fanout                         0 (div_remainder[0])
Average Fanout                     2.4
Terms to net ratio                 3.2935
Terms to instance ratio            3.6703
Runtime                            172.610604 seconds
Elapsed Runtime                    230 seconds
Genus peak memory usage            1698.15 
Innovus peak memory usage          no_value 
Hostname                           vlsilab01.nitc.ac.in
