============================================================
  Generated by:           Genus(TM) Synthesis Solution 21.14-s082_1
  Generated on:           Jul 03 2026  11:10:41 am
  Module:                 tanh
  Operating conditions:   slow (balanced_tree)
  Wireload mode:          enclosed
  Area mode:              timing library
============================================================

                               
   Gate    Instances    Area   Library 
---------------------------------------
ADDFX1            61  1200.443    slow 
ADDFXL             3    59.038    slow 
ADDHX1             2    24.221    slow 
AND2X1             4    18.166    slow 
AND3X1             4    24.221    slow 
AO21X1             2    13.624    slow 
AOI211X1          10    52.983    slow 
AOI211XL           1     5.298    slow 
AOI21X1           55   249.777    slow 
AOI21XL            7    31.790    slow 
AOI221X1          15   113.535    slow 
AOI222XL          10    83.259    slow 
AOI22X1            2    12.110    slow 
AOI22XL            1     6.055    slow 
AOI2BB1X1          8    48.442    slow 
AOI2BB1XL          1     6.055    slow 
AOI31X1            3    18.166    slow 
AOI31XL            2    12.110    slow 
AOI32XL            1     6.812    slow 
CLKINVX1          69   156.678    slow 
CLKINVX2           3    11.354    slow 
CLKXOR2X1          1     8.326    slow 
DFFQX1            47   747.060    slow 
DFFQX2             1    16.652    slow 
INVX1             45   102.182    slow 
INVXL             58   131.701    slow 
MXI2XL            92   557.078    slow 
NAND2BX1          25   113.535    slow 
NAND2BXL           1     4.541    slow 
NAND2X1            1     3.784    slow 
NAND2X2            1     6.055    slow 
NAND2X4            1     9.840    slow 
NAND2XL          178   538.913    slow 
NAND3BX1           3    18.166    slow 
NAND3X1            7    31.790    slow 
NAND3XL            6    27.248    slow 
NAND4BBX1          1     9.083    slow 
NAND4BXL           1     6.812    slow 
NAND4XL            3    15.895    slow 
NOR2BX1           33   149.866    slow 
NOR2BXL            2     9.083    slow 
NOR2X1             2     7.569    slow 
NOR2X2             1     6.055    slow 
NOR2XL            73   221.015    slow 
NOR3BXL            2    12.110    slow 
NOR3X1             7    31.790    slow 
NOR4X1             4    24.221    slow 
OAI211X1          42   222.529    slow 
OAI211XL           4    21.193    slow 
OAI21X1           75   340.605    slow 
OAI21XL           11    49.955    slow 
OAI221X1          19   143.811    slow 
OAI222XL           5    41.630    slow 
OAI22X1            3    18.166    slow 
OAI2BB1X1         17    90.071    slow 
OAI2BB1X2          1     7.569    slow 
OAI2BB1XL          9    47.685    slow 
OAI31X1            2    12.110    slow 
OAI32X1            2    13.624    slow 
OR2X1             13    59.038    slow 
OR2XL              3    13.624    slow 
OR3X1              1     6.055    slow 
OR3XL              1     6.055    slow 
SDFFQX1           84  1716.649    slow 
SDFFQX2            7   153.651    slow 
SDFFQXL            8   163.490    slow 
XNOR2XL            8    66.607    slow 
XOR2XL             5    41.630    slow 
---------------------------------------
total           1180  8200.255         


                                         
     Type      Instances   Area   Area % 
-----------------------------------------
sequential           147 2797.502   34.1 
inverter             175  401.914    4.9 
unresolved             1    0.000    0.0 
logic                858 5000.838   61.0 
physical_cells         0    0.000    0.0 
-----------------------------------------
total               1181 8200.255  100.0 

