============================================================
  Generated by:           Genus(TM) Synthesis Solution 21.14-s082_1
  Generated on:           Jul 03 2026  11:10:41 am
  Module:                 tanh
  Operating conditions:   slow (balanced_tree)
  Wireload mode:          enclosed
  Area mode:              timing library
============================================================

           Instance                                 Module                      Cell Count  Cell Area  Net Area   Total Area   Wireload  
-----------------------------------------------------------------------------------------------------------------------------------------
tanh                                                                                  1180   8200.255     0.000     8200.255 <none> (D)  
  CL                           combined_logic_shift_idx1_alpha_116_alpha_235            73    496.526     0.000      496.526 <none> (D)  
    DL                         cordic_decision_logic_shift_idx1                         17     74.933     0.000       74.933 <none> (D)  
    HS                         cordic_hyperbolic_step_shift_idx1                        56    421.593     0.000      421.593 <none> (D)  
  cordic_pipeline_stages[0].CL combined_logic_shift_idx2_alpha_14_alpha_28             135    853.783     0.000      853.783 <none> (D)  
    DL                         cordic_decision_logic_shift_idx2                         13     63.580     0.000       63.580 <none> (D)  
    HS                         cordic_hyperbolic_step_shift_idx2                       122    790.204     0.000      790.204 <none> (D)  
  cordic_pipeline_stages[1].CL combined_logic_shift_idx1_alpha_116_alpha_235_1         210   1450.220     0.000     1450.220 <none> (D)  
    DL                         cordic_decision_logic_shift_idx1_21                      21     87.800     0.000       87.800 <none> (D)  
    HS                         cordic_hyperbolic_step_shift_idx1_1                     189   1362.420     0.000     1362.420 <none> (D)  
  cordic_pipeline_stages[2].CL combined_logic_shift_idx2_alpha_14_alpha_28_19          209   1426.000     0.000     1426.000 <none> (D)  
    DL                         cordic_decision_logic_shift_idx2_23                      16     65.093     0.000       65.093 <none> (D)  
    HS                         cordic_hyperbolic_step_shift_idx2_25                    193   1360.906     0.000     1360.906 <none> (D)  
  cordic_pipeline_stages[3].CL combined_logic_shift_idx3_alpha_11_alpha_22             179   1332.901     0.000     1332.901 <none> (D)  
    DL                         cordic_decision_logic_shift_idx3                          9     42.386     0.000       42.386 <none> (D)  
    HS                         cordic_hyperbolic_step_shift_idx3                       170   1290.514     0.000     1290.514 <none> (D)  
  cordic_pipeline_stages[4].CL combined_logic_shift_idx2_alpha_14_alpha_28_18          201   1420.701     0.000     1420.701 <none> (D)  
    DL                         cordic_decision_logic_shift_idx2_22                      16     65.093     0.000       65.093 <none> (D)  
    HS                         cordic_hyperbolic_step_shift_idx2_24                    185   1355.608     0.000     1355.608 <none> (D)  
  cordic_pipeline_stages[5].CL combined_logic_shift_idx1_alpha_116_alpha_235_2         173   1220.123     0.000     1220.123 <none> (D)  
    DL                         cordic_decision_logic_shift_idx1_20                      13     56.767     0.000       56.767 <none> (D)  
    HS                         cordic_hyperbolic_step_shift_idx1_2                     160   1163.355     0.000     1163.355 <none> (D)  
  (D) = wireload is default in technology library
